<?xml version="1.0" encoding="UTF-8"?>
<testsuite xmlns:xsi="http://www.w3.org/2001/XMLSchema-instance" xsi:noNamespaceSchemaLocation="https://maven.apache.org/surefire/maven-surefire-plugin/xsd/surefire-test-report.xsd" name="guru.springframework.brewery.web.controllers.BeerControllerTest" time="1.124" tests="2" errors="0" skipped="0" failures="0">
  <properties>
[...]
</properties>
  <testcase name="testGetBeerById" classname="guru.springframework.brewery.web.controllers.BeerControllerTest" time="0.058"/>
  <testcase name="testListBeers" classname="guru.springframework.brewery.web.controllers.BeerControllerTest$TestListOperations" time="0.04"/>
</testsuite>